Started
Started
S0
S1 
map landmark
Map landmark finish
BEGIN Landmark
Ground truth
MOVE AND GET PASS
SENSE PASS
PASS SENSOR ALLOC
AFTER HERE
SANITY CHECK PASS
-----------------------
1.29393e-05
0.00254275
1.10049e-07
0.0070388
1.29538e-06
0.000149688
6.59012e-08
0.0133333
0.549364
0.996129
Particle List: x: 45.7599 y: 50.5179
-----------------------
0.00536728
0.0423053
0.34033
0.483966
0.420499
0.455802
0.455914
0.31814
0.619687
0.187168
Particle List: x: 74.7899 y: 95.5021
-----------------------
0.272102
0.483312
0.572806
0.967429
0.930409
0.77725
0.728282
0.744084
0.718368
0.630422
Particle List: x: 42.8478 y: 93.7359
-----------------------
0.737669
0.556356
0.986435
0.839812
0.839856
0.868353
0.858517
0.454052
0.957778
0.935925
Particle List: x: 45.6537 y: 88.9839
-----------------------
0.745261
0.740035
0.907376
0.766987
0.973628
0.965461
0.89987
0.887966
0.528196
0.719565
Particle List: x: 49.23 y: 82.6541
-----------------------
0.50606
0.506341
0.964008
0.98287
0.99003
0.953871
0.950581
0.934158
0.939293
0.945275
Particle List: x: 52.2063 y: 82.0882
-----------------------
0.573474
0.84901
0.848401
0.942184
0.959995
0.795719
0.969836
0.775071
0.988073
0.988464
Particle List: x: 53.2713 y: 84.5825
-----------------------
0.691388
0.986244
0.977025
0.966933
0.461192
0.950622
0.872897
0.885893
0.887963
0.884621
Particle List: x: 47.0359 y: 85.632
-----------------------
0.642111
0.643429
0.64788
0.963657
0.968716
0.969132
0.967184
0.980355
0.808809
0.808582
Particle List: x: 51.0965 y: 92.4227
-----------------------
0.953297
0.959102
0.961192
0.977918
0.992194
0.992324
0.754977
0.734184
0.738403
0.746653
Particle List: x: 44.9902 y: 94.5068
-----------------------
0.873089
0.984408
0.943739
0.922651
0.883298
0.876787
0.844361
0.851039
0.851036
0.874022
Particle List: x: 47.1153 y: 95.8756
-----------------------
0.903921
0.979314
0.979015
0.876125
0.989339
0.992679
0.972347
0.984608
0.992487
0.849569
Particle List: x: 43.8624 y: 98.8551
-----------------------
0.795859
0.883145
0.800335
0.79223
0.906683
0.917716
0.764265
0.796048
0.755052
0.978586
Particle List: x: 51.9332 y: 97.9539
-----------------------
0.954574
0.780317
0.762359
0.671282
0.973739
0.972815
0.910529
0.911385
0.906812
0.782517
Particle List: x: 49.0267 y: 93.0702
-----------------------
0.981556
0.982476
0.982949
0.996875
0.986193
0.995436
0.872623
0.877584
0.899239
0.995446
Particle List: x: 46.3139 y: 89.8932
-----------------------
0.910411
0.977422
0.877484
0.946407
0.887474
0.903582
0.859996
0.87326
0.969731
0.872102
Particle List: x: 52.2413 y: 93.4531
-----------------------
0.985335
0.983855
0.917938
0.934555
0.880243
0.788591
0.96107
0.950268
0.95946
0.953086
Particle List: x: 54.3849 y: 91.421
-----------------------
0.955486
0.940975
0.992796
0.985684
0.981678
0.984171
0.983226
0.981776
0.903841
0.901777
Particle List: x: 53.131 y: 95.2785
-----------------------
0.918377
0.923425
0.975227
0.893327
0.893103
0.976139
0.980793
0.942982
0.942787
0.870122
Particle List: x: 48.7629 y: 91.1918
-----------------------
0.974584
0.870813
0.88164
0.878137
0.843121
0.930057
0.886742
0.939498
0.924029
0.910806
Particle List: x: 52.1883 y: 96.5388
-----------------------
0.88322
0.886352
0.917288
0.925113
0.937194
0.893497
0.870279
0.920615
0.829135
0.867818
Particle List: x: 52.6506 y: 98.0415
-----------------------
0.76931
0.761579
0.674459
0.954667
0.840427
0.80178
0.876024
0.878015
0.890225
0.882914
Particle List: x: 47.9511 y: 98.0253
-----------------------
0.859324
0.908963
0.934763
0.935555
0.957355
0.959026
0.957531
0.981074
0.936204
0.956337
Particle List: x: 49.7142 y: 86.0266
-----------------------
0.865676
0.846219
0.923549
0.773577
0.955872
0.956641
0.939515
0.939393
0.994702
0.995997
Particle List: x: 49.1198 y: 94.855
-----------------------
0.982117
0.980467
0.976708
0.998953
0.999518
0.952353
0.952241
0.958088
0.956135
0.943128
Particle List: x: 55.9268 y: 90.9819
-----------------------
0.903743
0.900461
0.917417
0.884397
0.868219
0.871429
0.963479
0.788299
0.999165
0.998669
Particle List: x: 49.6194 y: 90.6203
-----------------------
0.968646
0.957788
0.98112
0.882068
0.937279
0.939306
0.942003
0.93617
0.939042
0.978075
Particle List: x: 52.088 y: 93.236
-----------------------
0.983696
0.950606
0.952506
0.963732
0.962197
0.960252
0.956337
0.94649
0.950864
0.955191
Particle List: x: 50.8526 y: 89.7801
-----------------------
0.957402
0.965579
0.985678
0.993973
0.985455
0.996099
0.998759
0.995862
0.998891
0.952235
Particle List: x: 46.4319 y: 96.8055
-----------------------
0.928976
0.927541
0.910261
0.934006
0.925748
0.918527
0.926208
0.91872
0.932019
0.965383
Particle List: x: 44.9832 y: 96.0298
-----------------------
0.894067
0.828548
0.848745
0.83486
0.878635
0.923121
0.909629
0.783898
0.767336
0.769801
Particle List: x: 46.4518 y: 94.0562
-----------------------
0.944548
0.925938
0.930194
0.945531
0.968286
0.979105
0.969465
0.984498
0.983391
0.957031
Particle List: x: 46.1407 y: 94.5208
-----------------------
0.895588
0.914935
0.914964
0.915619
0.871994
0.873954
0.90633
0.915148
0.987909
0.987669
Particle List: x: 52.2219 y: 94.1155
-----------------------
0.986652
0.987579
0.98459
0.99179
0.997104
0.996747
0.821628
0.820216
0.979276
0.986432
Particle List: x: 46.6971 y: 90.4515
-----------------------
0.884707
0.867974
0.948258
0.970429
0.976684
0.939268
0.940038
0.922267
0.922611
0.993971
Particle List: x: 48.3865 y: 92.7504
-----------------------
0.933979
0.983408
0.994152
0.882227
0.884481
0.898733
0.830461
0.849341
0.841881
0.718084
Particle List: x: 52.2558 y: 94.8804
-----------------------
0.998549
0.855031
0.820707
0.834778
0.878531
0.848507
0.822839
0.690065
0.681279
0.664469
Particle List: x: 48.7771 y: 95.1085
-----------------------
0.93492
0.984873
0.982986
0.884415
0.869936
0.843962
0.848499
0.997942
0.927788
0.903496
Particle List: x: 51.0644 y: 92.1966
-----------------------
0.946682
0.905147
0.9001
0.909432
0.884182
0.753819
0.741146
0.950685
0.93572
0.962605
Particle List: x: 50.0984 y: 92.5505
-----------------------
0.93975
0.933513
0.942891
0.933105
0.949408
0.946169
0.94267
0.997986
0.984264
0.980143
Particle List: x: 43.6174 y: 97.3637
-----------------------
0.853414
0.858079
0.878097
0.940651
0.93601
0.972343
0.995835
0.98424
0.997865
0.998416
Particle List: x: 48.7796 y: 94.3139
-----------------------
0.974365
0.974594
0.93118
0.935083
0.896189
0.780478
0.779658
0.779887
0.757132
0.860612
Particle List: x: 48.9782 y: 93.1137
-----------------------
0.973205
0.957028
0.957641
0.952089
0.995893
0.97043
0.90559
0.828473
0.799264
0.749458
Particle List: x: 52.909 y: 98.2117
-----------------------
0.970865
0.976988
0.973157
0.972064
0.971069
0.958036
0.915468
0.969168
0.920002
0.94367
Particle List: x: 48.0584 y: 91.5166
-----------------------
0.950954
0.951472
0.950277
0.986446
0.869196
0.936898
0.935495
0.932747
0.928777
0.971548
Particle List: x: 53.0374 y: 96.5076
-----------------------
0.955731
0.795743
0.998762
0.974205
0.969279
0.945912
0.890264
0.984431
0.970806
0.974897
Particle List: x: 49.6739 y: 94.5993
-----------------------
0.993863
0.991579
0.965708
0.981498
0.977569
0.981447
0.971494
0.953008
0.950882
0.962525
Particle List: x: 49.7819 y: 89.6942
-----------------------
0.854904
0.988234
0.989619
0.994167
0.995305
0.960444
0.960983
0.936143
0.972721
0.937896
Particle List: x: 46.5822 y: 92.6067
-----------------------
0.92579
0.902928
0.918194
0.918607
0.906893
0.706621
0.734891
0.747079
0.748054
0.804161
Particle List: x: 45.8681 y: 91.6662
-----------------------
0.881494
0.887248
0.864111
0.925282
0.929043
0.978174
0.997101
0.994242
0.994355
0.986841
Particle List: x: 43.6511 y: 89.677
-----------------------
0.810965
0.965196
0.976112
0.992332
0.994304
0.993397
0.991582
0.91709
0.972758
0.970025
Particle List: x: 46.5066 y: 93.1363
-----------------------
0.967492
0.974262
0.975276
0.966693
0.941021
0.982035
0.981916
0.982015
0.940656
0.93917
Particle List: x: 48.8941 y: 89.7002
-----------------------
0.862415
0.851177
0.858911
0.876531
0.857046
0.858506
0.853514
0.857736
0.926181
0.93398
Particle List: x: 55.3542 y: 88.1943
-----------------------
0.670801
0.67308
0.694014
0.754004
0.988885
0.892935
0.87138
0.767274
0.945531
0.906399
Particle List: x: 48.1174 y: 91.2875
-----------------------
0.830664
0.900005
0.932234
0.948415
0.918705
0.996489
0.984683
0.996213
0.997303
0.936522
Particle List: x: 51.0653 y: 89.8874
-----------------------
0.819166
0.847413
0.841188
0.868697
0.776583
0.776587
0.938373
0.932111
0.974469
0.964853
Particle List: x: 47.9096 y: 93.8393
-----------------------
0.918344
0.92056
0.832235
0.905108
0.910184
0.901618
0.927337
0.930306
0.859651
0.864488
Particle List: x: 51.9146 y: 89.4252
-----------------------
0.820339
0.978693
0.987225
0.989614
0.992071
0.992035
0.978924
0.955582
0.953503
0.918964
Particle List: x: 54.7496 y: 96.2217
-----------------------
0.930832
0.945143
0.954566
0.906803
0.851467
0.963782
0.963839
0.916701
0.952654
0.711475
Particle List: x: 57.7909 y: 93.9745
-----------------------
0.849575
0.987039
0.979731
0.969718
0.979888
0.969631
0.965812
0.953797
0.988627
0.988563
Particle List: x: 44.5973 y: 92.7557
-----------------------
0.906487
0.834165
0.788749
0.783004
0.877079
0.950996
0.951593
0.969257
0.927896
0.911094
Particle List: x: 47.303 y: 90.9121
-----------------------
0.898275
0.91634
0.938015
0.840461
0.853926
0.856757
0.855998
0.890408
0.864935
0.911769
Particle List: x: 47.2079 y: 92.5113
-----------------------
0.952763
0.961396
0.970433
0.946257
0.952381
0.90314
0.911777
0.865364
0.875943
0.96521
Particle List: x: 49.2342 y: 94.867
-----------------------
0.998285
0.99748
0.997291
0.994297
0.961424
0.980007
0.944575
0.929874
0.99072
0.989547
Particle List: x: 43.5253 y: 94.1221
-----------------------
0.899075
0.906206
0.903722
0.897152
0.937108
0.905287
0.974864
0.836917
0.849925
0.837146
Particle List: x: 49.6838 y: 89.4377
-----------------------
0.862152
0.844403
0.884018
0.876331
0.935132
0.881254
0.924516
0.921234
0.967731
0.961745
Particle List: x: 51.1402 y: 90.0554
-----------------------
0.870366
0.866463
0.919658
0.942789
0.937413
0.981832
0.979734
0.97491
0.990343
0.968987
Particle List: x: 51.9199 y: 96.7688
-----------------------
0.987759
0.963169
0.936529
0.944405
0.982809
0.984244
0.99482
0.808972
0.804307
0.865658
Particle List: x: 47.8144 y: 91.5417
-----------------------
0.915356
0.836029
0.849152
0.888145
0.856017
0.883386
0.882012
0.929766
0.906232
0.922205
Particle List: x: 53.3287 y: 95.126
-----------------------
0.938256
0.97713
0.972762
0.956693
0.959538
0.954047
0.976711
0.936892
0.93364
0.925922
Particle List: x: 42.4157 y: 94.1025
-----------------------
0.717782
0.711302
0.893173
0.883032
0.99926
0.999388
0.860371
0.882889
0.88545
0.86776
Particle List: x: 46.8819 y: 97.2031
-----------------------
0.891568
0.827597
0.72611
0.744077
0.766324
0.845783
0.638238
0.71593
0.893314
0.908264
Particle List: x: 53.8593 y: 89.6626
-----------------------
0.753391
0.740086
0.770758
0.72734
0.838547
0.850045
0.954383
0.949765
0.971165
0.941287
Particle List: x: 47.8411 y: 92.9586
-----------------------
0.786374
0.943527
0.987718
0.987523
0.706018
0.817278
0.800202
0.819469
0.819346
0.8198
Particle List: x: 49.0893 y: 94.9512
-----------------------
0.877938
0.876715
0.932602
0.806663
0.800734
0.839874
0.991657
0.992105
0.996155
0.966394
Particle List: x: 43.4948 y: 90.8318
-----------------------
0.670868
0.691421
0.683656
0.983156
0.979292
0.961256
0.959938
0.978205
0.975365
0.913078
Particle List: x: 50.6845 y: 91.4504
-----------------------
0.892651
0.892304
0.949106
0.830278
0.823125
0.828725
0.832299
0.856685
0.813588
0.881875
Particle List: x: 48.4152 y: 92.0186
-----------------------
0.798647
0.686936
0.857736
0.855263
0.815891
0.991415
0.951958
0.954066
0.958075
0.932684
Particle List: x: 50.946 y: 94.6581
-----------------------
0.96011
0.944496
0.91538
0.93723
0.925914
0.927341
0.725204
0.705564
0.740587
0.839863
Particle List: x: 50.4669 y: 94.2788
-----------------------
0.906784
0.904697
0.903723
0.906506
0.902622
0.924182
0.876394
0.884083
0.943008
0.968278
Particle List: x: 45.9981 y: 98.2223
-----------------------
0.856753
0.896368
0.89763
0.893895
0.706209
0.676505
0.758657
0.692444
0.524885
0.75038
Particle List: x: 53.1847 y: 95.009
-----------------------
0.938348
0.946496
0.973273
0.966264
0.980062
0.972471
0.99612
0.998333
0.959955
0.920954
Particle List: x: 46.0358 y: 99.2577
-----------------------
1.50452e-07
0.889861
0.96123
0.949872
0.991248
0.997271
0.901317
0.904773
0.900008
0.938296
Particle List: x: 50.1543 y: 98.8048
-----------------------
1.83781e-07
1.79634e-07
1.91241e-07
1.68449e-07
2.55361e-07
3.27915e-07
3.09198e-07
4.12861e-07
3.53873e-07
2.39771e-07
Particle List: x: 56.1359 y: 0.0665054
-----------------------
0.967161
0.964681
0.989146
0.996062
0.96359
0.960023
0.968964
0.987123
0.979038
0.977656
Particle List: x: 54.9045 y: 0.888524
-----------------------
0.973741
0.954936
0.995051
0.977963
0.984728
0.969194
0.941669
0.952287
0.956148
0.943912
Particle List: x: 48.1968 y: -0.622299
-----------------------
0.962905
0.964729
0.966544
0.955923
0.899159
0.898143
0.864713
0.95446
0.947362
0.949959
Particle List: x: 47.6978 y: 0.00241131
-----------------------
0.943573
0.838701
0.83832
0.838819
0.930649
0.995897
0.996204
0.984437
0.986529
0.981229
Particle List: x: 52.8391 y: 4.07676
-----------------------
0.962947
0.981605
0.99853
0.979049
0.986962
0.857051
0.857529
0.893161
0.867127
0.874436
Particle List: x: 50.5742 y: 2.4826
-----------------------
0.971499
0.986456
0.99367
0.990744
0.992286
0.981819
0.832876
0.84264
0.948221
0.957513
Particle List: x: 49.4918 y: 3.75075
-----------------------
0.933152
0.944297
0.967579
0.963558
0.933334
0.985284
0.979676
0.985424
0.946027
0.969401
Particle List: x: 47.0696 y: -2.95956
-----------------------
0.919397
0.954849
0.935412
0.996374
0.998541
0.993163
0.99453
0.945265
0.913341
0.977594
Particle List: x: 49.4025 y: -4.07338
-----------------------
0.907329
0.912854
0.640185
0.654591
0.932789
0.944515
0.965505
0.949365
0.968078
0.942734
Particle List: x: 47.3023 y: 1.52709
-----------------------
0.950551
0.945354
0.945518
0.936274
0.940442
0.931858
0.934672
0.936311
0.896357
0.772857
Particle List: x: 50.3174 y: -1.61447
-----------------------
0.933942
0.950301
0.93632
0.937531
0.936188
0.92179
0.907114
0.853394
0.807077
0.942296
Particle List: x: 44.9754 y: 3.39461
-----------------------
0.907648
0.898283
0.920222
0.90596
0.916428
0.918317
0.929064
0.87235
0.989367
0.99543
Particle List: x: 54.6076 y: -5.05007
-----------------------
0.755029
0.832488
0.873169
0.990296
0.976601
0.974631
0.725205
0.923649
0.906553
0.951681
Particle List: x: 46.9819 y: 2.36568
-----------------------
0.948682
0.948589
0.921663
0.827577
0.813478
0.841141
0.735797
0.875623
0.996863
0.986242
Particle List: x: 47.5843 y: 1.90367
-----------------------
0.960209
0.969457
0.992211
0.920088
0.98374
0.98236
0.983217
0.986079
0.981859
0.986894
Particle List: x: 51.418 y: -2.81325
-----------------------
0.937301
0.98344
0.977219
0.98786
0.990934
0.969492
0.991013
0.976236
0.976541
0.850314
Particle List: x: 47.0439 y: -0.405027
