RUNNING TIME: 86.000000 microsecond
Original: 

 2.50  2.50  2.50  2.50  2.50  2.50  2.50  2.50  2.50  2.50 
 0.00  0.00  0.00  0.00  0.00  0.00  0.00  0.00  0.00  0.00 
 2.60  2.60  2.60  2.60  2.60  2.60  2.60  2.60  2.60  2.60 
 0.00  0.00  0.00  0.00  0.00  0.00  0.00  0.00  0.00  0.00 
 0.00  0.00  0.00  0.00  0.00  0.00  0.00  0.00  0.00  0.00 
 0.00  0.00  0.00  0.00  0.00  0.00  0.00  0.00  0.00  0.00 
 0.00  0.00  0.00  0.00  0.00  0.00  0.00  0.00  0.00  0.00 
 0.00  0.00  0.00  0.00  0.00  0.00  0.00  0.00  0.00  0.00 
 0.00  0.00  0.00  0.00  0.00  0.00  0.00  0.00  0.00  0.00 
 0.00  0.00  0.00  0.00  0.00  0.00  0.00  0.00  0.00  0.00 Result: 

 2.50  0.00  2.60  0.00  0.00  0.00  0.00  0.00  0.00  0.00 
 2.50  0.00  2.60  0.00  0.00  0.00  0.00  0.00  0.00  0.00 
 2.50  0.00  2.60  0.00  0.00  0.00  0.00  0.00  0.00  0.00 
 2.50  0.00  2.60  0.00  0.00  0.00  0.00  0.00  0.00  0.00 
 2.50  0.00  2.60  0.00  0.00  0.00  0.00  0.00  0.00  0.00 
 2.50  0.00  2.60  0.00  0.00  0.00  0.00  0.00  0.00  0.00 
 2.50  0.00  2.60  0.00  0.00  0.00  0.00  0.00  0.00  0.00 
 2.50  0.00  2.60  0.00  0.00  0.00  0.00  0.00  0.00  0.00 
 2.50  0.00  2.60  0.00  0.00  0.00  0.00  0.00  0.00  0.00 
 2.50  0.00  2.60  0.00  0.00  0.00  0.00  0.00  0.00  0.00 